Using pre-set license
Built from '2020.2/staging' branch; Version is '2020.2.5f1 (e2c53f129de5) revision 14861631'; Using compiler version '192528614'; Build Type 'Release'
OS: 'Windows 10 Home Single Language; OS build 19041.867; Version 2004; 64bit' Language: 'en' Physical Memory: 8034 MB
BatchMode: 1, IsHumanControllingUs: 0, StartBugReporterOnCrash: 0, Is64bit: 1, IsPro: 0

 COMMAND LINE ARGUMENTS:
D:\Program Rio\Unity\2020.1.3f1\2020.2.5f1\Editor\Unity.exe
-adb2
-batchMode
-noUpm
-name
AssetImportWorker0
-projectPath
D:/Tugas/Kuliah/Unity/Paskah
-logFile
Logs/AssetImportWorker0.log
-srvPort
58179
Successfully changed project path to: D:/Tugas/Kuliah/Unity/Paskah
D:/Tugas/Kuliah/Unity/Paskah
Using Asset Import Pipeline V2.
Refreshing native plugins compatible for Editor in 35.31 ms, found 0 plugins.
Preloading 0 native plugins for Editor in 0.00 ms.
Initialize engine version: 2020.2.5f1 (e2c53f129de5)
[Subsystems] Discovering subsystems at path D:/Program Rio/Unity/2020.1.3f1/2020.2.5f1/Editor/Data/Resources/UnitySubsystems
[Subsystems] Discovering subsystems at path D:/Tugas/Kuliah/Unity/Paskah/Assets
GfxDevice: creating device client; threaded=0
Direct3D:
    Version:  Direct3D 11.0 [level 11.1]
    Renderer: NVIDIA GeForce GTX 1650 (ID=0x1f91)
    Vendor:   
    VRAM:     3962 MB
    Driver:   27.21.14.6192
Initialize mono
Mono path[0] = 'D:/Program Rio/Unity/2020.1.3f1/2020.2.5f1/Editor/Data/Managed'
Mono path[1] = 'D:/Program Rio/Unity/2020.1.3f1/2020.2.5f1/Editor/Data/MonoBleedingEdge/lib/mono/unityjit'
Mono config path = 'D:/Program Rio/Unity/2020.1.3f1/2020.2.5f1/Editor/Data/MonoBleedingEdge/etc'
Using monoOptions --debugger-agent=transport=dt_socket,embedding=1,server=y,suspend=n,address=127.0.0.1:56112
Begin MonoManager ReloadAssembly
Registering precompiled unity dll's ...
Register platform support module: D:/Program Rio/Unity/2020.1.3f1/2020.2.5f1/Editor/Data/PlaybackEngines/WindowsStandaloneSupport/UnityEditor.WindowsStandalone.Extensions.dll
Registered in 0.001326 seconds.
Native extension for WindowsStandalone target not found
Refreshing native plugins compatible for Editor in 34.82 ms, found 0 plugins.
Preloading 0 native plugins for Editor in 0.00 ms.
Invoked RoslynAnalysisRunner static constructor.
RoslynAnalysisRunner will not be running.
RoslynAnalysisRunner has terminated.
Mono: successfully reloaded assembly
- Completed reload, in  2.085 seconds
Platform modules already initialized, skipping
Registering precompiled user dll's ...
Registered in 0.000655 seconds.
Begin MonoManager ReloadAssembly
Native extension for WindowsStandalone target not found
Refreshing native plugins compatible for Editor in 0.30 ms, found 0 plugins.
Preloading 0 native plugins for Editor in 0.00 ms.
Invoked RoslynAnalysisRunner static constructor.
RoslynAnalysisRunner will not be running.
RoslynAnalysisRunner has terminated.
Mono: successfully reloaded assembly
- Completed reload, in  1.023 seconds
Platform modules already initialized, skipping
========================================================================
Worker process is ready to serve import requests
Launched and connected shader compiler UnityShaderCompiler.exe after 0.07 seconds
Refreshing native plugins compatible for Editor in 0.33 ms, found 0 plugins.
Preloading 0 native plugins for Editor in 0.00 ms.
Unloading 1391 Unused Serialized files (Serialized files now loaded: 0)
System memory in use before: 75.5 MB.
System memory in use after: 75.5 MB.

Unloading 11 unused Assets to reduce memory usage. Loaded Objects now: 1842.
Total: 2.550200 ms (FindLiveObjects: 0.206800 ms CreateObjectMapping: 0.090900 ms MarkObjects: 2.130900 ms  DeleteObjects: 0.120200 ms)

========================================================================
Received Import Request.
  path: Assets/UI/GPIA Pondok Bahar-12.png
  artifactKey: Guid(d024836c06b122845aad00e4c31f7954) Importer(815301076,1909f56bfc062723c751e8b465ee728b)
Start importing Assets/UI/GPIA Pondok Bahar-12.png using Guid(d024836c06b122845aad00e4c31f7954) Importer(815301076,1909f56bfc062723c751e8b465ee728b)  -> (artifact id: '1ef3266acfe5ab60f9388009d6528566') in 0.155169 seconds
  Import took 0.159006 seconds .

========================================================================
Received Import Request.
  Time since last request: 6.187356 seconds.
  path: Assets/UI/GPIA Pondok Bahar-12.png
  artifactKey: Guid(d024836c06b122845aad00e4c31f7954) Importer(815301076,1909f56bfc062723c751e8b465ee728b)
Start importing Assets/UI/GPIA Pondok Bahar-12.png using Guid(d024836c06b122845aad00e4c31f7954) Importer(815301076,1909f56bfc062723c751e8b465ee728b)  -> (artifact id: '3de1d954f487d54dcd182061abf58360') in 0.115599 seconds
  Import took 0.119077 seconds .

========================================================================
Received Prepare
Refreshing native plugins compatible for Editor in 0.79 ms, found 0 plugins.
Preloading 0 native plugins for Editor in 0.00 ms.
Unloading 3 Unused Serialized files (Serialized files now loaded: 0)
System memory in use before: 49.1 MB.
System memory in use after: 49.2 MB.

Unloading 3 unused Assets to reduce memory usage. Loaded Objects now: 1849.
Total: 2.869700 ms (FindLiveObjects: 0.206700 ms CreateObjectMapping: 0.063100 ms MarkObjects: 2.514700 ms  DeleteObjects: 0.083700 ms)

AssetImportWorkerClient::OnTransportError - code=2 error=End of file
